e:\projects\glgame\intermediate\windows\release\vc140.pdb
e:\projects\glgame\intermediate\windows\release\terrainshader.obj
e:\projects\glgame\intermediate\windows\release\terrainrenderer.obj
e:\projects\glgame\intermediate\windows\release\terrain.obj
e:\projects\glgame\intermediate\windows\release\shaderprogram.obj
e:\projects\glgame\intermediate\windows\release\scene.obj
e:\projects\glgame\intermediate\windows\release\player.obj
e:\projects\glgame\intermediate\windows\release\model.obj
e:\projects\glgame\intermediate\windows\release\main.obj
e:\projects\glgame\intermediate\windows\release\loadingshader.obj
e:\projects\glgame\intermediate\windows\release\loader.obj
e:\projects\glgame\intermediate\windows\release\light.obj
e:\projects\glgame\intermediate\windows\release\guishader.obj
e:\projects\glgame\intermediate\windows\release\glgame.obj
e:\projects\glgame\intermediate\windows\release\freetype.obj
e:\projects\glgame\intermediate\windows\release\firstpersoncamera.obj
e:\projects\glgame\intermediate\windows\release\entityshader.obj
e:\projects\glgame\intermediate\windows\release\entity.obj
e:\projects\glgame\intermediate\windows\release\enitityrenderer.obj
e:\projects\glgame\intermediate\windows\release\displaymanager.obj
e:\projects\glgame\intermediate\windows\release\camera.obj
e:\projects\glgame\intermediate\windows\release\thridpersoncamera.obj
e:\projects\glgame\bin\windows\release\glgame.exe
e:\projects\glgame\bin\windows\release\glgame.pdb
e:\projects\glgame\.\bin\windows\release\glgame.exe
e:\projects\glgame\intermediate\windows\release\glgame.tlog\cl.read.1.tlog
e:\projects\glgame\intermediate\windows\release\glgame.tlog\cl.write.1.tlog
e:\projects\glgame\intermediate\windows\release\glgame.tlog\cl.command.1.tlog
e:\projects\glgame\intermediate\windows\release\glgame.tlog\link.command.1.tlog
e:\projects\glgame\intermediate\windows\release\glgame.tlog\link.read.1.tlog
e:\projects\glgame\intermediate\windows\release\glgame.tlog\link.write.1.tlog
