C:\Program Files (x86)\MSBuild\Microsoft.Cpp\v4.0\V140\Microsoft.CppBuild.targets(367,5): warning MSB8004: Intermediate Directory does not end with a trailing slash.  This build instance will add the slash as it is required to allow proper evaluation of the Intermediate Directory.
C:\Program Files (x86)\MSBuild\Microsoft.Cpp\v4.0\V140\Microsoft.CppBuild.targets(368,5): warning MSB8004: Output Directory does not end with a trailing slash.  This build instance will add the slash as it is required to allow proper evaluation of the Output Directory.
  ThridPersonCamera.cpp
f:\projects\git\glgame\source\util.h(13): warning C4005: 'M_PI': macro redefinition
  f:\projects\git\glgame\tools\windows\sdl2-2.0.3\include\sdl2\sdl_stdinc.h(428): note: see previous definition of 'M_PI'
f:\projects\git\glgame\source\util.h(22): warning C4244: 'return': conversion from 'double' to 'float', possible loss of data
  f:\projects\git\glgame\source\thridpersoncamera.cpp(79): note: see reference to function template instantiation 'type toRadians<float>(type)' being compiled
          with
          [
              type=float
          ]
  TerrainShader.cpp
  TerrainRenderer.cpp
f:\projects\git\glgame\source\terrain.h(30): warning C4477: 'printf' : format string '%i' requires an argument of type 'int', but variadic argument 1 has type 'unsigned __int64'
  f:\projects\git\glgame\source\terrain.h(30): note: consider using '%zi' in the format string
f:\projects\git\glgame\source\terrain.h(48): warning C4477: 'printf' : format string '%i' requires an argument of type 'int', but variadic argument 1 has type 'unsigned __int64'
  f:\projects\git\glgame\source\terrain.h(48): note: consider using '%zi' in the format string
f:\projects\git\glgame\source\terrainrenderer.cpp(34): warning C4305: 'argument': truncation from 'double' to 'float'
f:\projects\git\glgame\source\terrainrenderer.cpp(38): warning C4244: 'argument': conversion from 'unsigned __int64' to 'float', possible loss of data
  Terrain.cpp
f:\projects\git\glgame\source\terrain.h(30): warning C4477: 'printf' : format string '%i' requires an argument of type 'int', but variadic argument 1 has type 'unsigned __int64'
  f:\projects\git\glgame\source\terrain.h(30): note: consider using '%zi' in the format string
f:\projects\git\glgame\source\terrain.h(48): warning C4477: 'printf' : format string '%i' requires an argument of type 'int', but variadic argument 1 has type 'unsigned __int64'
  f:\projects\git\glgame\source\terrain.h(48): note: consider using '%zi' in the format string
f:\projects\git\glgame\source\terrain.cpp(135): warning C4267: '=': conversion from 'size_t' to 'int', possible loss of data
f:\projects\git\glgame\source\terrain.cpp(167): warning C4244: 'initializing': conversion from 'int' to 'float', possible loss of data
f:\projects\git\glgame\source\terrain.cpp(270): warning C4244: '=': conversion from 'int' to 'float', possible loss of data
f:\projects\git\glgame\source\terrain.cpp(283): warning C4244: 'argument': conversion from 'int' to 'float', possible loss of data
f:\projects\git\glgame\source\terrain.cpp(286): warning C4244: 'argument': conversion from 'int' to 'float', possible loss of data
f:\projects\git\glgame\source\terrain.cpp(289): warning C4244: 'argument': conversion from 'int' to 'float', possible loss of data
f:\projects\git\glgame\source\terrain.cpp(356): warning C4244: 'argument': conversion from 'float' to 'int', possible loss of data
f:\projects\git\glgame\source\terrain.cpp(359): warning C4244: 'initializing': conversion from 'float' to 'int', possible loss of data
f:\projects\git\glgame\source\terrain.cpp(360): warning C4244: 'initializing': conversion from 'float' to 'int', possible loss of data
f:\projects\git\glgame\source\terrain.cpp(365): warning C4244: '=': conversion from 'float' to 'BYTE', possible loss of data
f:\projects\git\glgame\source\terrain.cpp(366): warning C4244: '=': conversion from 'float' to 'BYTE', possible loss of data
f:\projects\git\glgame\source\terrain.cpp(367): warning C4244: '=': conversion from 'float' to 'BYTE', possible loss of data
  ShaderProgram.cpp
  Scene.cpp
f:\projects\git\glgame\source\terrain.h(30): warning C4477: 'printf' : format string '%i' requires an argument of type 'int', but variadic argument 1 has type 'unsigned __int64'
  f:\projects\git\glgame\source\terrain.h(30): note: consider using '%zi' in the format string
f:\projects\git\glgame\source\terrain.h(48): warning C4477: 'printf' : format string '%i' requires an argument of type 'int', but variadic argument 1 has type 'unsigned __int64'
  f:\projects\git\glgame\source\terrain.h(48): note: consider using '%zi' in the format string
  Player.cpp
f:\projects\git\glgame\source\util.h(13): warning C4005: 'M_PI': macro redefinition
  f:\projects\git\glgame\tools\windows\sdl2-2.0.3\include\sdl2\sdl_stdinc.h(428): note: see previous definition of 'M_PI'
f:\projects\git\glgame\source\player.cpp(27): warning C4244: 'argument': conversion from 'double' to 'float', possible loss of data
f:\projects\git\glgame\source\util.h(22): warning C4244: 'return': conversion from 'double' to 'float', possible loss of data
  f:\projects\git\glgame\source\player.cpp(18): note: see reference to function template instantiation 'type toRadians<float>(type)' being compiled
          with
          [
              type=float
          ]
  Model.cpp
  main.cpp
f:\projects\git\glgame\source\terrain.h(30): warning C4477: 'printf' : format string '%i' requires an argument of type 'int', but variadic argument 1 has type 'unsigned __int64'
  f:\projects\git\glgame\source\terrain.h(30): note: consider using '%zi' in the format string
f:\projects\git\glgame\source\terrain.h(48): warning C4477: 'printf' : format string '%i' requires an argument of type 'int', but variadic argument 1 has type 'unsigned __int64'
  f:\projects\git\glgame\source\terrain.h(48): note: consider using '%zi' in the format string
f:\projects\git\glgame\source\guirenderer.h(40): warning C4244: '=': conversion from 'int' to 'float', possible loss of data
f:\projects\git\glgame\source\guirenderer.h(41): warning C4244: '=': conversion from 'int' to 'float', possible loss of data
f:\projects\git\glgame\source\test_scene.h(99): warning C4305: 'argument': truncation from 'double' to 'float'
f:\projects\git\glgame\source\test_scene.h(108): warning C4305: 'argument': truncation from 'double' to 'float'
f:\projects\git\glgame\source\test_scene.h(109): warning C4305: 'argument': truncation from 'double' to 'float'
  LoadingShader.cpp
f:\projects\git\glgame\source\util.h(13): warning C4005: 'M_PI': macro redefinition
  f:\projects\git\glgame\tools\windows\sdl2-2.0.3\include\sdl2\sdl_stdinc.h(428): note: see previous definition of 'M_PI'
  Loader.cpp
f:\projects\git\glgame\source\loader.cpp(285): warning C4267: 'return': conversion from 'size_t' to 'int', possible loss of data
  Light.cpp
  GUIShader.cpp
  GLgame.cpp
f:\projects\git\glgame\source\terrain.h(30): warning C4477: 'printf' : format string '%i' requires an argument of type 'int', but variadic argument 1 has type 'unsigned __int64'
  f:\projects\git\glgame\source\terrain.h(30): note: consider using '%zi' in the format string
f:\projects\git\glgame\source\terrain.h(48): warning C4477: 'printf' : format string '%i' requires an argument of type 'int', but variadic argument 1 has type 'unsigned __int64'
  f:\projects\git\glgame\source\terrain.h(48): note: consider using '%zi' in the format string
f:\projects\git\glgame\source\guirenderer.h(40): warning C4244: '=': conversion from 'int' to 'float', possible loss of data
f:\projects\git\glgame\source\guirenderer.h(41): warning C4244: '=': conversion from 'int' to 'float', possible loss of data
f:\projects\git\glgame\source\glgame.cpp(82): warning C4244: 'argument': conversion from 'double' to 'Uint32', possible loss of data
f:\projects\git\glgame\source\glgame.cpp(200): warning C4267: 'argument': conversion from 'size_t' to 'GLsizei', possible loss of data
f:\projects\git\glgame\source\glgame.cpp(207): warning C4244: 'argument': conversion from 'double' to 'Uint32', possible loss of data
f:\projects\git\glgame\source\glgame.cpp(230): warning C4305: 'initializing': truncation from 'double' to 'float'
f:\projects\git\glgame\source\glgame.cpp(301): warning C4267: 'argument': conversion from 'size_t' to 'GLsizei', possible loss of data
f:\projects\git\glgame\source\glgame.cpp(340): warning C4244: 'argument': conversion from 'double' to 'Uint32', possible loss of data
f:\projects\git\glgame\source\util.h(22): warning C4244: 'return': conversion from 'double' to 'float', possible loss of data
  f:\projects\git\glgame\source\glgame.cpp(360): note: see reference to function template instantiation 'type toRadians<float>(type)' being compiled
          with
          [
              type=float
          ]
  FreeType.cpp
f:\projects\git\glgame\source\freetype.cpp(297): warning C4267: 'argument': conversion from 'size_t' to 'GLsizei', possible loss of data
  FirstPersonCamera.cpp
f:\projects\git\glgame\source\util.h(13): warning C4005: 'M_PI': macro redefinition
  f:\projects\git\glgame\tools\windows\sdl2-2.0.3\include\sdl2\sdl_stdinc.h(428): note: see previous definition of 'M_PI'
f:\projects\git\glgame\source\firstpersoncamera.cpp(108): warning C4244: 'initializing': conversion from 'double' to 'float', possible loss of data
f:\projects\git\glgame\source\firstpersoncamera.cpp(115): warning C4244: 'initializing': conversion from 'double' to 'float', possible loss of data
  EntityShader.cpp
  Entity.cpp
  EnitityRenderer.cpp
f:\projects\git\glgame\source\terrain.h(30): warning C4477: 'printf' : format string '%i' requires an argument of type 'int', but variadic argument 1 has type 'unsigned __int64'
  f:\projects\git\glgame\source\terrain.h(30): note: consider using '%zi' in the format string
f:\projects\git\glgame\source\terrain.h(48): warning C4477: 'printf' : format string '%i' requires an argument of type 'int', but variadic argument 1 has type 'unsigned __int64'
  f:\projects\git\glgame\source\terrain.h(48): note: consider using '%zi' in the format string
f:\projects\git\glgame\source\enitityrenderer.cpp(50): warning C4244: 'argument': conversion from 'unsigned __int64' to 'float', possible loss of data
f:\projects\git\glgame\source\enitityrenderer.cpp(52): warning C4305: 'argument': truncation from 'double' to 'float'
f:\projects\git\glgame\source\enitityrenderer.cpp(134): warning C4244: 'argument': conversion from 'int' to 'float', possible loss of data
  DisplayManager.cpp
f:\projects\git\glgame\source\displaymanager.cpp(29): warning C4244: '=': conversion from 'int' to 'float', possible loss of data
f:\projects\git\glgame\source\displaymanager.cpp(30): warning C4244: '=': conversion from 'int' to 'float', possible loss of data
f:\projects\git\glgame\source\displaymanager.cpp(45): warning C4244: 'return': conversion from 'Uint32' to 'float', possible loss of data
  Generating Code...
  Compiling...
  Camera.cpp
f:\projects\git\glgame\source\util.h(13): warning C4005: 'M_PI': macro redefinition
  f:\projects\git\glgame\tools\windows\sdl2-2.0.3\include\sdl2\sdl_stdinc.h(428): note: see previous definition of 'M_PI'
  Generating Code...
  LINK : .\bin\Windows\Debug\GLGame.exe not found or not built by the last incremental link; performing full link
Camera.obj : error LNK2019: unresolved external symbol SDL_GetKeyboardState referenced in function "public: virtual void __cdecl CCamera::move(struct SDL_Window *)" (?move@CCamera@@UEAAXPEAUSDL_Window@@@Z)
FirstPersonCamera.obj : error LNK2001: unresolved external symbol SDL_GetKeyboardState
Player.obj : error LNK2001: unresolved external symbol SDL_GetKeyboardState
ThridPersonCamera.obj : error LNK2001: unresolved external symbol SDL_GetKeyboardState
DisplayManager.obj : error LNK2019: unresolved external symbol SDL_CreateWindow referenced in function "public: int __cdecl CDisplayManager::initialize(int,int)" (?initialize@CDisplayManager@@QEAAHHH@Z)
DisplayManager.obj : error LNK2019: unresolved external symbol SDL_SetWindowFullscreen referenced in function "public: void __cdecl CDisplayManager::setFullScreen(void)" (?setFullScreen@CDisplayManager@@QEAAXXZ)
DisplayManager.obj : error LNK2019: unresolved external symbol SDL_GL_CreateContext referenced in function "public: int __cdecl CDisplayManager::initialize(int,int)" (?initialize@CDisplayManager@@QEAAHHH@Z)
GLgame.obj : error LNK2001: unresolved external symbol SDL_GL_CreateContext
DisplayManager.obj : error LNK2019: unresolved external symbol SDL_GL_SwapWindow referenced in function "public: void __cdecl CDisplayManager::update(void)" (?update@CDisplayManager@@QEAAXXZ)
DisplayManager.obj : error LNK2019: unresolved external symbol SDL_GL_DeleteContext referenced in function "public: void __cdecl CDisplayManager::uninitialize(void)" (?uninitialize@CDisplayManager@@QEAAXXZ)
GLgame.obj : error LNK2001: unresolved external symbol SDL_GL_DeleteContext
DisplayManager.obj : error LNK2019: unresolved external symbol SDL_GetTicks referenced in function "public: void __cdecl CDisplayManager::calculateFPS(void)" (?calculateFPS@CDisplayManager@@QEAAXXZ)
GLgame.obj : error LNK2001: unresolved external symbol SDL_GetTicks
Terrain.obj : error LNK2001: unresolved external symbol SDL_GetTicks
DisplayManager.obj : error LNK2019: unresolved external symbol SDL_Init referenced in function "public: int __cdecl CDisplayManager::initialize(int,int)" (?initialize@CDisplayManager@@QEAAHHH@Z)
DisplayManager.obj : error LNK2019: unresolved external symbol SDL_Quit referenced in function "public: void __cdecl CDisplayManager::uninitialize(void)" (?uninitialize@CDisplayManager@@QEAAXXZ)
DisplayManager.obj : error LNK2019: unresolved external symbol __imp_glewInit referenced in function "public: int __cdecl CDisplayManager::initialize(int,int)" (?initialize@CDisplayManager@@QEAAHHH@Z)
DisplayManager.obj : error LNK2019: unresolved external symbol __imp_glewGetErrorString referenced in function "public: int __cdecl CDisplayManager::initialize(int,int)" (?initialize@CDisplayManager@@QEAAHHH@Z)
Loader.obj : error LNK2001: unresolved external symbol __imp_glewGetErrorString
EnitityRenderer.obj : error LNK2001: unresolved external symbol __imp___glewActiveTexture
GLgame.obj : error LNK2001: unresolved external symbol __imp___glewActiveTexture
TerrainRenderer.obj : error LNK2001: unresolved external symbol __imp___glewActiveTexture
EnitityRenderer.obj : error LNK2001: unresolved external symbol __imp___glewBindBuffer
GLgame.obj : error LNK2001: unresolved external symbol __imp___glewBindBuffer
Model.obj : error LNK2001: unresolved external symbol __imp___glewBindBuffer
EnitityRenderer.obj : error LNK2001: unresolved external symbol __imp___glewBufferData
GLgame.obj : error LNK2001: unresolved external symbol __imp___glewBufferData
Model.obj : error LNK2001: unresolved external symbol __imp___glewBufferData
EnitityRenderer.obj : error LNK2001: unresolved external symbol __imp___glewDeleteBuffers
GLgame.obj : error LNK2001: unresolved external symbol __imp___glewDeleteBuffers
Loader.obj : error LNK2001: unresolved external symbol __imp___glewDeleteBuffers
Terrain.obj : error LNK2001: unresolved external symbol __imp___glewDeleteBuffers
EnitityRenderer.obj : error LNK2001: unresolved external symbol __imp___glewGenBuffers
GLgame.obj : error LNK2001: unresolved external symbol __imp___glewGenBuffers
Model.obj : error LNK2001: unresolved external symbol __imp___glewGenBuffers
EnitityRenderer.obj : error LNK2001: unresolved external symbol __imp___glewDisableVertexAttribArray
GLgame.obj : error LNK2001: unresolved external symbol __imp___glewDisableVertexAttribArray
TerrainRenderer.obj : error LNK2001: unresolved external symbol __imp___glewDisableVertexAttribArray
EnitityRenderer.obj : error LNK2001: unresolved external symbol __imp___glewEnableVertexAttribArray
GLgame.obj : error LNK2001: unresolved external symbol __imp___glewEnableVertexAttribArray
TerrainRenderer.obj : error LNK2001: unresolved external symbol __imp___glewEnableVertexAttribArray
EnitityRenderer.obj : error LNK2001: unresolved external symbol __imp___glewVertexAttribPointer
GLgame.obj : error LNK2001: unresolved external symbol __imp___glewVertexAttribPointer
Model.obj : error LNK2001: unresolved external symbol __imp___glewVertexAttribPointer
EnitityRenderer.obj : error LNK2001: unresolved external symbol __imp___glewBindVertexArray
GLgame.obj : error LNK2001: unresolved external symbol __imp___glewBindVertexArray
Model.obj : error LNK2001: unresolved external symbol __imp___glewBindVertexArray
TerrainRenderer.obj : error LNK2001: unresolved external symbol __imp___glewBindVertexArray
EnitityRenderer.obj : error LNK2001: unresolved external symbol __imp___glewDeleteVertexArrays
GLgame.obj : error LNK2001: unresolved external symbol __imp___glewDeleteVertexArrays
Loader.obj : error LNK2001: unresolved external symbol __imp___glewDeleteVertexArrays
Terrain.obj : error LNK2001: unresolved external symbol __imp___glewDeleteVertexArrays
EnitityRenderer.obj : error LNK2001: unresolved external symbol __imp___glewGenVertexArrays
GLgame.obj : error LNK2001: unresolved external symbol __imp___glewGenVertexArrays
Model.obj : error LNK2001: unresolved external symbol __imp___glewGenVertexArrays
FirstPersonCamera.obj : error LNK2019: unresolved external symbol SDL_GetWindowFlags referenced in function "public: virtual void __cdecl CFirstPersonCamera::move(struct SDL_Window *)" (?move@CFirstPersonCamera@@UEAAXPEAUSDL_Window@@@Z)
ThridPersonCamera.obj : error LNK2001: unresolved external symbol SDL_GetWindowFlags
ThridPersonCamera.obj : error LNK2001: unresolved external symbol SDL_GetMouseState
FirstPersonCamera.obj : error LNK2001: unresolved external symbol SDL_GetMouseState
GLgame.obj : error LNK2001: unresolved external symbol SDL_GetMouseState
main.obj : error LNK2001: unresolved external symbol SDL_GetMouseState
Player.obj : error LNK2001: unresolved external symbol SDL_GetMouseState
FirstPersonCamera.obj : error LNK2019: unresolved external symbol SDL_WarpMouseInWindow referenced in function "public: struct glm::detail::tvec2<float> __cdecl CFirstPersonCamera::calcualteMouseMove(struct SDL_Window *)" (?calcualteMouseMove@CFirstPersonCamera@@QEAA?AU?$tvec2@M@detail@glm@@PEAUSDL_Window@@@Z)
ThridPersonCamera.obj : error LNK2001: unresolved external symbol SDL_WarpMouseInWindow
FirstPersonCamera.obj : error LNK2019: unresolved external symbol SDL_ShowCursor referenced in function "public: struct glm::detail::tvec2<float> __cdecl CFirstPersonCamera::calcualteMouseMove(struct SDL_Window *)" (?calcualteMouseMove@CFirstPersonCamera@@QEAA?AU?$tvec2@M@detail@glm@@PEAUSDL_Window@@@Z)
GLgame.obj : error LNK2001: unresolved external symbol SDL_ShowCursor
ThridPersonCamera.obj : error LNK2001: unresolved external symbol SDL_ShowCursor
FreeType.obj : error LNK2019: unresolved external symbol FT_Init_FreeType referenced in function "public: void __cdecl freetype::font_data::init(char const *,unsigned int)" (?init@font_data@freetype@@QEAAXPEBDI@Z)
FreeType.obj : error LNK2019: unresolved external symbol FT_Done_FreeType referenced in function "public: void __cdecl freetype::font_data::init(char const *,unsigned int)" (?init@font_data@freetype@@QEAAXPEBDI@Z)
FreeType.obj : error LNK2019: unresolved external symbol FT_New_Face referenced in function "public: void __cdecl freetype::font_data::init(char const *,unsigned int)" (?init@font_data@freetype@@QEAAXPEBDI@Z)
FreeType.obj : error LNK2019: unresolved external symbol FT_Done_Face referenced in function "public: void __cdecl freetype::font_data::init(char const *,unsigned int)" (?init@font_data@freetype@@QEAAXPEBDI@Z)
FreeType.obj : error LNK2019: unresolved external symbol FT_Set_Char_Size referenced in function "public: void __cdecl freetype::font_data::init(char const *,unsigned int)" (?init@font_data@freetype@@QEAAXPEBDI@Z)
FreeType.obj : error LNK2019: unresolved external symbol FT_Load_Glyph referenced in function "void __cdecl freetype::make_dlist(struct FT_FaceRec_ *,char,unsigned int,unsigned int *)" (?make_dlist@freetype@@YAXPEAUFT_FaceRec_@@DIPEAI@Z)
FreeType.obj : error LNK2019: unresolved external symbol FT_Get_Char_Index referenced in function "void __cdecl freetype::make_dlist(struct FT_FaceRec_ *,char,unsigned int,unsigned int *)" (?make_dlist@freetype@@YAXPEAUFT_FaceRec_@@DIPEAI@Z)
FreeType.obj : error LNK2019: unresolved external symbol FT_Get_Glyph referenced in function "void __cdecl freetype::make_dlist(struct FT_FaceRec_ *,char,unsigned int,unsigned int *)" (?make_dlist@freetype@@YAXPEAUFT_FaceRec_@@DIPEAI@Z)
FreeType.obj : error LNK2019: unresolved external symbol FT_Glyph_To_Bitmap referenced in function "void __cdecl freetype::make_dlist(struct FT_FaceRec_ *,char,unsigned int,unsigned int *)" (?make_dlist@freetype@@YAXPEAUFT_FaceRec_@@DIPEAI@Z)
GLgame.obj : error LNK2019: unresolved external symbol SDL_PollEvent referenced in function "public: void __cdecl CGame::gameLoop(void)" (?gameLoop@CGame@@QEAAXXZ)
GLgame.obj : error LNK2019: unresolved external symbol SDL_Delay referenced in function "public: void __cdecl CGame::gameLoop(void)" (?gameLoop@CGame@@QEAAXXZ)
Loader.obj : error LNK2019: unresolved external symbol "public: __cdecl Assimp::Importer::Importer(void)" (??0Importer@Assimp@@QEAA@XZ) referenced in function "public: int __cdecl CLoader::assimpLoad(class std::basic_string<char,struct std::char_traits<char>,class std::allocator<char> >)" (?assimpLoad@CLoader@@QEAAHV?$basic_string@DU?$char_traits@D@std@@V?$allocator@D@2@@std@@@Z)
Loader.obj : error LNK2019: unresolved external symbol "public: __cdecl Assimp::Importer::~Importer(void)" (??1Importer@Assimp@@QEAA@XZ) referenced in function "public: int __cdecl CLoader::assimpLoad(class std::basic_string<char,struct std::char_traits<char>,class std::allocator<char> >)" (?assimpLoad@CLoader@@QEAAHV?$basic_string@DU?$char_traits@D@std@@V?$allocator@D@2@@std@@@Z)
Loader.obj : error LNK2019: unresolved external symbol "public: struct aiScene const * __cdecl Assimp::Importer::ReadFile(char const *,unsigned int)" (?ReadFile@Importer@Assimp@@QEAAPEBUaiScene@@PEBDI@Z) referenced in function "public: int __cdecl CLoader::assimpLoad(class std::basic_string<char,struct std::char_traits<char>,class std::allocator<char> >)" (?assimpLoad@CLoader@@QEAAHV?$basic_string@DU?$char_traits@D@std@@V?$allocator@D@2@@std@@@Z)
Loader.obj : error LNK2019: unresolved external symbol aiGetMaterialFloatArray referenced in function aiGetMaterialFloat
Loader.obj : error LNK2019: unresolved external symbol aiGetMaterialColor referenced in function "public: void __cdecl CLoader::processMesh(class CModel &,class std::basic_string<char,struct std::char_traits<char>,class std::allocator<char> >,struct aiMesh *,struct aiScene const *)" (?processMesh@CLoader@@QEAAXAEAVCModel@@V?$basic_string@DU?$char_traits@D@std@@V?$allocator@D@2@@std@@PEAUaiMesh@@PEBUaiScene@@@Z)
Loader.obj : error LNK2019: unresolved external symbol aiGetMaterialString referenced in function "public: void __cdecl CLoader::processMesh(class CModel &,class std::basic_string<char,struct std::char_traits<char>,class std::allocator<char> >,struct aiMesh *,struct aiScene const *)" (?processMesh@CLoader@@QEAAXAEAVCModel@@V?$basic_string@DU?$char_traits@D@std@@V?$allocator@D@2@@std@@PEAUaiMesh@@PEBUaiScene@@@Z)
Loader.obj : error LNK2019: unresolved external symbol aiGetMaterialTextureCount referenced in function "public: unsigned int __cdecl aiMaterial::GetTextureCount(enum aiTextureType)const " (?GetTextureCount@aiMaterial@@QEBAIW4aiTextureType@@@Z)
Loader.obj : error LNK2019: unresolved external symbol aiGetMaterialTexture referenced in function "public: enum aiReturn __cdecl aiMaterial::GetTexture(enum aiTextureType,unsigned int,struct aiString *,enum aiTextureMapping *,unsigned int *,float *,enum aiTextureOp *,enum aiTextureMapMode *)const " (?GetTexture@aiMaterial@@QEBA?AW4aiReturn@@W4aiTextureType@@IPEAUaiString@@PEAW4aiTextureMapping@@PEAIPEAMPEAW4aiTextureOp@@PEAW4aiTextureMapMode@@@Z)
Loader.obj : error LNK2019: unresolved external symbol __imp_FreeImage_Unload referenced in function "public: unsigned int __cdecl CLoader::loadFullTexture(class std::basic_string<char,struct std::char_traits<char>,class std::allocator<char> >,bool,unsigned char * &,int &,int &,bool)" (?loadFullTexture@CLoader@@QEAAIV?$basic_string@DU?$char_traits@D@std@@V?$allocator@D@2@@std@@_NAEAPEAEAEAH31@Z)
Terrain.obj : error LNK2001: unresolved external symbol __imp_FreeImage_Unload
Loader.obj : error LNK2019: unresolved external symbol __imp_FreeImage_Load referenced in function "public: unsigned int __cdecl CLoader::loadFullTexture(class std::basic_string<char,struct std::char_traits<char>,class std::allocator<char> >,bool,unsigned char * &,int &,int &,bool)" (?loadFullTexture@CLoader@@QEAAIV?$basic_string@DU?$char_traits@D@std@@V?$allocator@D@2@@std@@_NAEAPEAEAEAH31@Z)
Terrain.obj : error LNK2001: unresolved external symbol __imp_FreeImage_Load
Loader.obj : error LNK2019: unresolved external symbol __imp_FreeImage_GetFileType referenced in function "public: unsigned int __cdecl CLoader::loadFullTexture(class std::basic_string<char,struct std::char_traits<char>,class std::allocator<char> >,bool,unsigned char * &,int &,int &,bool)" (?loadFullTexture@CLoader@@QEAAIV?$basic_string@DU?$char_traits@D@std@@V?$allocator@D@2@@std@@_NAEAPEAEAEAH31@Z)
Terrain.obj : error LNK2001: unresolved external symbol __imp_FreeImage_GetFileType
Loader.obj : error LNK2019: unresolved external symbol __imp_FreeImage_GetBits referenced in function "public: unsigned int __cdecl CLoader::loadFullTexture(class std::basic_string<char,struct std::char_traits<char>,class std::allocator<char> >,bool,unsigned char * &,int &,int &,bool)" (?loadFullTexture@CLoader@@QEAAIV?$basic_string@DU?$char_traits@D@std@@V?$allocator@D@2@@std@@_NAEAPEAEAEAH31@Z)
Loader.obj : error LNK2019: unresolved external symbol __imp_FreeImage_GetWidth referenced in function "public: unsigned int __cdecl CLoader::loadFullTexture(class std::basic_string<char,struct std::char_traits<char>,class std::allocator<char> >,bool,unsigned char * &,int &,int &,bool)" (?loadFullTexture@CLoader@@QEAAIV?$basic_string@DU?$char_traits@D@std@@V?$allocator@D@2@@std@@_NAEAPEAEAEAH31@Z)
Terrain.obj : error LNK2001: unresolved external symbol __imp_FreeImage_GetWidth
Loader.obj : error LNK2019: unresolved external symbol __imp_FreeImage_GetHeight referenced in function "public: unsigned int __cdecl CLoader::loadFullTexture(class std::basic_string<char,struct std::char_traits<char>,class std::allocator<char> >,bool,unsigned char * &,int &,int &,bool)" (?loadFullTexture@CLoader@@QEAAIV?$basic_string@DU?$char_traits@D@std@@V?$allocator@D@2@@std@@_NAEAPEAEAEAH31@Z)
Terrain.obj : error LNK2001: unresolved external symbol __imp_FreeImage_GetHeight
Loader.obj : error LNK2019: unresolved external symbol __imp_FreeImage_ConvertTo32Bits referenced in function "public: unsigned int __cdecl CLoader::loadFullTexture(class std::basic_string<char,struct std::char_traits<char>,class std::allocator<char> >,bool,unsigned char * &,int &,int &,bool)" (?loadFullTexture@CLoader@@QEAAIV?$basic_string@DU?$char_traits@D@std@@V?$allocator@D@2@@std@@_NAEAPEAEAEAH31@Z)
Terrain.obj : error LNK2001: unresolved external symbol __imp_FreeImage_ConvertTo32Bits
Loader.obj : error LNK2019: unresolved external symbol __imp_FreeImage_FlipVertical referenced in function "public: unsigned int __cdecl CLoader::loadFullTexture(class std::basic_string<char,struct std::char_traits<char>,class std::allocator<char> >,bool,unsigned char * &,int &,int &,bool)" (?loadFullTexture@CLoader@@QEAAIV?$basic_string@DU?$char_traits@D@std@@V?$allocator@D@2@@std@@_NAEAPEAEAEAH31@Z)
Loader.obj : error LNK2001: unresolved external symbol __imp___glewGenerateMipmap
ShaderProgram.obj : error LNK2001: unresolved external symbol __imp___glewAttachShader
ShaderProgram.obj : error LNK2001: unresolved external symbol __imp___glewBindAttribLocation
ShaderProgram.obj : error LNK2001: unresolved external symbol __imp___glewCompileShader
ShaderProgram.obj : error LNK2001: unresolved external symbol __imp___glewCreateProgram
ShaderProgram.obj : error LNK2001: unresolved external symbol __imp___glewCreateShader
ShaderProgram.obj : error LNK2001: unresolved external symbol __imp___glewDeleteProgram
ShaderProgram.obj : error LNK2001: unresolved external symbol __imp___glewDeleteShader
ShaderProgram.obj : error LNK2001: unresolved external symbol __imp___glewDetachShader
ShaderProgram.obj : error LNK2001: unresolved external symbol __imp___glewGetShaderInfoLog
ShaderProgram.obj : error LNK2001: unresolved external symbol __imp___glewGetShaderiv
ShaderProgram.obj : error LNK2001: unresolved external symbol __imp___glewGetUniformLocation
ShaderProgram.obj : error LNK2001: unresolved external symbol __imp___glewLinkProgram
ShaderProgram.obj : error LNK2001: unresolved external symbol __imp___glewShaderSource
ShaderProgram.obj : error LNK2001: unresolved external symbol __imp___glewUniform1f
ShaderProgram.obj : error LNK2001: unresolved external symbol __imp___glewUniform1i
ShaderProgram.obj : error LNK2001: unresolved external symbol __imp___glewUniform2fv
ShaderProgram.obj : error LNK2001: unresolved external symbol __imp___glewUniform3fv
ShaderProgram.obj : error LNK2001: unresolved external symbol __imp___glewUniform4fv
ShaderProgram.obj : error LNK2001: unresolved external symbol __imp___glewUniformMatrix3fv
ShaderProgram.obj : error LNK2001: unresolved external symbol __imp___glewUniformMatrix4fv
ShaderProgram.obj : error LNK2001: unresolved external symbol __imp___glewUseProgram
ShaderProgram.obj : error LNK2001: unresolved external symbol __imp___glewValidateProgram
Terrain.obj : error LNK2019: unresolved external symbol __imp_FreeImage_Allocate referenced in function "public: void __cdecl CTerrain::saveCorrectedFloraMap(void)" (?saveCorrectedFloraMap@CTerrain@@QEAAXXZ)
Terrain.obj : error LNK2019: unresolved external symbol __imp_FreeImage_Save referenced in function "public: void __cdecl CTerrain::saveCorrectedFloraMap(void)" (?saveCorrectedFloraMap@CTerrain@@QEAAXXZ)
Terrain.obj : error LNK2019: unresolved external symbol __imp_FreeImage_GetPixelColor referenced in function "public: float __cdecl CTerrain::getHeightMap(int,int,struct FIBITMAP *)" (?getHeightMap@CTerrain@@QEAAMHHPEAUFIBITMAP@@@Z)
Terrain.obj : error LNK2019: unresolved external symbol __imp_FreeImage_SetPixelColor referenced in function "public: void __cdecl CTerrain::saveCorrectedFloraMap(void)" (?saveCorrectedFloraMap@CTerrain@@QEAAXXZ)
Terrain.obj : error LNK2019: unresolved external symbol __imp_FreeImage_FlipHorizontal referenced in function "public: void __cdecl CTerrain::generateTerrainMap(class CLoader &,class std::basic_string<char,struct std::char_traits<char>,class std::allocator<char> >)" (?generateTerrainMap@CTerrain@@QEAAXAEAVCLoader@@V?$basic_string@DU?$char_traits@D@std@@V?$allocator@D@2@@std@@@Z)
Terrain.obj : error LNK2019: unresolved external symbol __imp_FreeImage_Rescale referenced in function "public: void __cdecl CTerrain::generateTerrainMap(class CLoader &,class std::basic_string<char,struct std::char_traits<char>,class std::allocator<char> >)" (?generateTerrainMap@CTerrain@@QEAAXAEAVCLoader@@V?$basic_string@DU?$char_traits@D@std@@V?$allocator@D@2@@std@@@Z)
MSVCRTD.lib(exe_main.obj) : error LNK2019: unresolved external symbol main referenced in function "int __cdecl invoke_main(void)" (?invoke_main@@YAHXZ)
.\tools\Windows\freeImage\FreeImage.lib : warning LNK4272: library machine type 'X86' conflicts with target machine type 'x64'
.\tools\Windows\SDL2-2.0.3\lib\x86\SDL2.lib : warning LNK4272: library machine type 'X86' conflicts with target machine type 'x64'
.\tools\Windows\GL\glew32.lib : warning LNK4272: library machine type 'X86' conflicts with target machine type 'x64'
.\tools\Windows\SDL2-2.0.3\lib\x86\SDL2main.lib : warning LNK4272: library machine type 'X86' conflicts with target machine type 'x64'
.\tools\Windows\SDL2-2.0.3\lib\x86\SDL2test.lib : warning LNK4272: library machine type 'X86' conflicts with target machine type 'x64'
.\tools\Windows\SDL2-2.0.3\lib\x86\SDL2_image.lib : warning LNK4272: library machine type 'X86' conflicts with target machine type 'x64'
.\tools\Windows\Assimp\lib\x86\assimp.lib : warning LNK4272: library machine type 'X86' conflicts with target machine type 'x64'
.\tools\Windows\freetype\lib\libfreetype.lib : warning LNK4272: library machine type 'X86' conflicts with target machine type 'x64'
.\bin\Windows\Debug\GLGame.exe : fatal error LNK1120: 83 unresolved externals
